<?xml version="1.0" encoding="UTF-8"?>
<!-- Generated by org.testng.reporters.JUnitReportReporter -->
<testsuite skipped="0" hostname="ip-172-31-81-201" name="Test.Testcase1" tests="2" failures="0" timestamp="2021-10-25T06:23:55 UTC" time="0.009" errors="0">
  <testcase name="HomeLoanTest" time="0.002" classname="Test.Testcase1"/>
  <system-out/>
  <testcase name="CarLoanTest" time="0.007" classname="Test.Testcase1"/>
  <system-out/>
</testsuite> <!-- Test.Testcase1 -->
