<?xml version="1.0" encoding="UTF-8"?>
<!-- Generated by org.testng.reporters.JUnitReportReporter -->
<testsuite skipped="0" hostname="ip-172-31-81-201" name="Test.Testcase2" tests="1" failures="0" timestamp="2021-10-25T06:58:43 UTC" time="0.004" errors="0">
  <testcase name="CreditcardTest" time="0.004" classname="Test.Testcase2"/>
  <system-out/>
</testsuite> <!-- Test.Testcase2 -->
