<?xml version="1.0" encoding="UTF-8"?>
<!-- Generated by org.testng.reporters.JUnitReportReporter -->
<testsuite skipped="0" hostname="ip-172-31-81-201" name="Test.TestCase2" tests="1" failures="0" timestamp="2021-10-25T06:23:55 UTC" time="0.001" errors="0">
  <testcase name="CreditcardTest" time="0.001" classname="Test.TestCase2"/>
  <system-out/>
</testsuite> <!-- Test.TestCase2 -->
