<?xml version="1.0" encoding="UTF-8"?>
<!-- Generated by org.testng.reporters.JUnitReportReporter -->
<testsuite skipped="0" hostname="ip-172-31-81-201" name="test.LoginTest" tests="2" failures="0" timestamp="2021-10-28T07:29:12 UTC" time="8.487" errors="0">
  <testcase name="NegativeLogin" time="3.754" classname="test.LoginTest"/>
  <system-out/>
  <testcase name="PositiveLogin" time="4.733" classname="test.LoginTest"/>
  <system-out/>
</testsuite> <!-- test.LoginTest -->
